     1                                  ; gossamer-dos.asm — Gossamer BIOS (DOS variant) for CSS-DOS
     2                                  ; Loaded at F000:0000 (linear 0xF0000)
     3                                  ;
     4                                  ; Mirrors the 8088_bios reference layout:
     5                                  ;   - IVT setup via interrupt_table array (32 standard vectors + fill rest)
     6                                  ;   - Full BDA initialization matching IBM PC BIOS
     7                                  ;   - INT handlers follow reference contracts
     8                                  ;
     9                                  ; Backend is memory-mapped (no port I/O):
    10                                  ;   - VGA text buffer at B800:0000
    11                                  ;   - Disk image at D000:0000
    12                                  ;   - Keyboard input via polling 0000:0500
    13                                  ;
    14                                  ; DOS kernel (KERNEL.SYS) is pre-loaded at 0060:0000 (linear 0x600)
    15                                  ; by the transpiler. The BIOS init code sets up the IVT and jumps to it.
    16                                  ;
    17                                  ; CONSTRAINTS (CSS transpiler limitations):
    18                                  ; - No 0x0F-prefixed opcodes (near Jcc)
    19                                  ; - Must compile with NASM: [bits 16] [org 0]
    20                                  
    21                                  [bits 16]
    22                                  [org 0]
    23                                  
    24                                  ; ============================================================
    25                                  ; Constants
    26                                  ; ============================================================
    27                                  DISK_SEG    equ 0xD000          ; Disk image loaded here (linear 0xD0000)
    28                                  BDA_SEG     equ 0x0040          ; BIOS Data Area segment
    29                                  BIOS_SEG    equ 0xF000          ; BIOS code segment
    30                                  VGA_SEG     equ 0xB800          ; VGA text mode segment
    31                                  KERNEL_SEG  equ 0x0060          ; DOS kernel load segment
    32                                  SECTOR_SIZE equ 512
    33                                  HALT_ADDR   equ 0x0504          ; Halt flag address (seg 0)
    34                                  
    35                                  ; Disk geometry for a 1.44MB floppy
    36                                  DISK_SPT    equ 18              ; sectors per track
    37                                  DISK_HEADS  equ 2               ; heads
    38                                  DISK_CYLS   equ 80              ; cylinders
    39                                  
    40                                  ; BDA offsets (matching reference 8088_bios exactly)
    41                                  equip_serial        equ 0x00    ; word[4] - serial port addresses
    42                                  equip_parallel      equ 0x08   ; word[3] - parallel port addresses
    43                                  equipment_list      equ 0x10    ; word - equipment list
    44                                  memory_size         equ 0x13    ; word - memory size in KiB
    45                                  kbd_flags_1         equ 0x17    ; byte - keyboard shift flags 1
    46                                  kbd_flags_2         equ 0x18    ; byte - keyboard shift flags 2
    47                                  kbd_alt_keypad      equ 0x19    ; byte - Alt+Numpad work area
    48                                  kbd_buffer_head     equ 0x1A    ; word - keyboard buffer head offset
    49                                  kbd_buffer_tail     equ 0x1C    ; word - keyboard buffer tail offset
    50                                  kbd_buffer          equ 0x1E    ; byte[32] - keyboard buffer
    51                                  fdc_calib_state     equ 0x3E    ; byte - floppy recalibration status
    52                                  fdc_motor_state     equ 0x3F    ; byte - floppy motor status
    53                                  fdc_motor_tout      equ 0x40    ; byte - floppy motor off timeout
    54                                  fdc_last_error      equ 0x41    ; byte - last diskette op status
    55                                  video_mode          equ 0x49    ; byte - active video mode
    56                                  video_columns       equ 0x4A    ; word - text columns
    57                                  video_page_size     equ 0x4C    ; word - video page size in bytes
    58                                  video_page_offt     equ 0x4E    ; word - active video page offset
    59                                  video_cur_pos       equ 0x50    ; byte[16] - cursor pos per page
    60                                  video_cur_shape     equ 0x60    ; word - cursor shape
    61                                  video_page          equ 0x62    ; byte - active video page
    62                                  video_port          equ 0x63    ; word - CRT controller port
    63                                  ticks_lo            equ 0x6C    ; word - timer ticks low
    64                                  ticks_hi            equ 0x6E    ; word - timer ticks high
    65                                  new_day             equ 0x70    ; byte - midnight flag
    66                                  break_flag          equ 0x71    ; byte - Ctrl-Break flag
    67                                  warm_boot           equ 0x72    ; word - warm boot flag (1234h)
    68                                  kbd_buffer_start    equ 0x80    ; word - keyboard buffer start
    69                                  kbd_buffer_end      equ 0x82    ; word - keyboard buffer end
    70                                  video_rows          equ 0x84    ; byte - text rows minus 1
    71                                  video_char_height   equ 0x85    ; word - character height (points)
    72                                  
    73                                  ; ============================================================
    74                                  ; INT 10h — Video Services
    75                                  ; ============================================================
    76                                  int10h_handler:
    77 00000000 1E                          push ds
    78 00000001 06                          push es
    79 00000002 55                          push bp
    80 00000003 80FC0E                      cmp ah, 0x0E
    81 00000006 7403                        je .teletype
    82 00000008 E98800                      jmp .dispatch_other
    83                                  
    84                                  ; --- AH=0Eh: Teletype output ---
    85                                  .teletype:
    86 0000000B 57                          push di
    87 0000000C 53                          push bx
    88 0000000D 51                          push cx
    89 0000000E 52                          push dx
    90 0000000F 50                          push ax                ; save character in AL
    91                                  
    92                                      ; Read cursor from BDA
    93 00000010 BB4000                      mov bx, BDA_SEG
    94 00000013 8EDB                        mov ds, bx
    95 00000015 8A165000                    mov dl, [video_cur_pos]     ; column
    96 00000019 8A365100                    mov dh, [video_cur_pos+1]   ; row
    97                                  
    98 0000001D 58                          pop ax                 ; AX restored (AL = character)
    99 0000001E 50                          push ax                ; save again
   100                                  
   101 0000001F 3C0D                        cmp al, 13
   102 00000021 7444                        je .tty_cr
   103 00000023 3C0A                        cmp al, 10
   104 00000025 7444                        je .tty_lf
   105 00000027 3C08                        cmp al, 8
   106 00000029 744E                        je .tty_bs
   107 0000002B 3C07                        cmp al, 7
   108 0000002D 745B                        je .tty_done
   109                                  
   110                                      ; Compute VGA offset = (row*80+col)*2
   111 0000002F 50                          push ax                ; save char
   112 00000030 52                          push dx                ; save cursor
   113 00000031 88F0                        mov al, dh
   114 00000033 B350                        mov bl, 80
   115 00000035 F6E3                        mul bl                 ; AX = row*80
   116 00000037 30FF                        xor bh, bh
   117 00000039 88D3                        mov bl, dl
   118 0000003B 01D8                        add ax, bx             ; AX = row*80+col
   119 0000003D D1E0                        shl ax, 1              ; AX = (row*80+col)*2
   120 0000003F 89C7                        mov di, ax
   121 00000041 5A                          pop dx                 ; restore cursor
   122 00000042 58                          pop ax                 ; restore char
   123                                  
   124                                      ; Write to VGA
   125 00000043 1E                          push ds
   126 00000044 BB00B8                      mov bx, VGA_SEG
   127 00000047 8EDB                        mov ds, bx
   128 00000049 8805                        mov [di], al           ; character
   129 0000004B C6450107                    mov byte [di+1], 0x07  ; attribute
   130 0000004F 1F                          pop ds
   131                                  
   132                                      ; Advance cursor
   133 00000050 FEC2                        inc dl
   134 00000052 80FA50                      cmp dl, 80
   135 00000055 722B                        jb .tty_save
   136 00000057 30D2                        xor dl, dl
   137 00000059 FEC6                        inc dh
   138 0000005B 80FE19                      cmp dh, 25
   139 0000005E 7222                        jb .tty_save
   140 00000060 FECE                        dec dh
   141 00000062 E80F02                      call scroll_up_one
   142 00000065 EB1B                        jmp short .tty_save
   143                                  
   144                                  .tty_cr:
   145 00000067 30D2                        xor dl, dl
   146 00000069 EB17                        jmp short .tty_save
   147                                  
   148                                  .tty_lf:
   149 0000006B FEC6                        inc dh
   150 0000006D 80FE19                      cmp dh, 25
   151 00000070 7210                        jb .tty_save
   152 00000072 FECE                        dec dh
   153 00000074 E8FD01                      call scroll_up_one
   154 00000077 EB09                        jmp short .tty_save
   155                                  
   156                                  .tty_bs:
   157 00000079 80FA00                      cmp dl, 0
   158 0000007C 7404                        je .tty_save
   159 0000007E FECA                        dec dl
   160 00000080 EB00                        jmp short .tty_save
   161                                  
   162                                  .tty_save:
   163 00000082 88165000                    mov [video_cur_pos], dl
   164 00000086 88365100                    mov [video_cur_pos+1], dh
   165                                  
   166                                  .tty_done:
   167 0000008A 58                          pop ax
   168 0000008B 5A                          pop dx
   169 0000008C 59                          pop cx
   170 0000008D 5B                          pop bx
   171 0000008E 5F                          pop di
   172 0000008F 5D                          pop bp
   173 00000090 07                          pop es
   174 00000091 1F                          pop ds
   175 00000092 CF                          iret
   176                                  
   177                                  ; --- INT 10h dispatch for non-teletype ---
   178                                  .dispatch_other:
   179 00000093 80FC02                      cmp ah, 0x02
   180 00000096 7442                        je .set_cursor
   181 00000098 80FC03                      cmp ah, 0x03
   182 0000009B 744E                        je .get_cursor
   183 0000009D 80FC00                      cmp ah, 0x00
   184 000000A0 7472                        je .set_mode
   185 000000A2 80FC0F                      cmp ah, 0x0F
   186 000000A5 7459                        je .get_mode
   187 000000A7 80FC06                      cmp ah, 0x06
   188 000000AA 7503                        jne .not_scroll_up
   189 000000AC E9B600                      jmp .scroll_up
   190                                  .not_scroll_up:
   191 000000AF 80FC07                      cmp ah, 0x07
   192 000000B2 7503                        jne .not_scroll_down
   193 000000B4 E9E000                      jmp .scroll_down
   194                                  .not_scroll_down:
   195 000000B7 80FC08                      cmp ah, 0x08
   196 000000BA 7503                        jne .not_read_char
   197 000000BC E9F900                      jmp .read_char
   198                                  .not_read_char:
   199 000000BF 80FC09                      cmp ah, 0x09
   200 000000C2 7503                        jne .not_write_char
   201 000000C4 E92301                      jmp .write_char_attr
   202                                  .not_write_char:
   203 000000C7 80FC0A                      cmp ah, 0x0A
   204 000000CA 7503                        jne .not_write_char_only
   205 000000CC E95801                      jmp .write_char_only
   206                                  .not_write_char_only:
   207 000000CF 80FC1A                      cmp ah, 0x1A
   208 000000D2 0F848901                    je .get_display_combo
   209 000000D6 5D                          pop bp
   210 000000D7 07                          pop es
   211 000000D8 1F                          pop ds
   212 000000D9 CF                          iret
   213                                  
   214                                  .set_cursor:
   215 000000DA BB4000                      mov bx, BDA_SEG
   216 000000DD 8EDB                        mov ds, bx
   217 000000DF 88165000                    mov [video_cur_pos], dl
   218 000000E3 88365100                    mov [video_cur_pos+1], dh
   219 000000E7 5D                          pop bp
   220 000000E8 07                          pop es
   221 000000E9 1F                          pop ds
   222 000000EA CF                          iret
   223                                  
   224                                  .get_cursor:
   225 000000EB BB4000                      mov bx, BDA_SEG
   226 000000EE 8EDB                        mov ds, bx
   227 000000F0 8A165000                    mov dl, [video_cur_pos]
   228 000000F4 8A365100                    mov dh, [video_cur_pos+1]
   229 000000F8 8B0E6000                    mov cx, [video_cur_shape]
   230 000000FC 5D                          pop bp
   231 000000FD 07                          pop es
   232 000000FE 1F                          pop ds
   233 000000FF CF                          iret
   234                                  
   235                                  .get_mode:
   236 00000100 BB4000                      mov bx, BDA_SEG
   237 00000103 8EDB                        mov ds, bx
   238 00000105 A04900                      mov al, [video_mode]
   239 00000108 8A264A00                    mov ah, [video_columns]
   240 0000010C 8A3E6200                    mov bh, [video_page]
   241 00000110 5D                          pop bp
   242 00000111 07                          pop es
   243 00000112 1F                          pop ds
   244 00000113 CF                          iret
   245                                  
   246                                  .set_mode:
   247                                      ; Store requested mode in BDA and reset cursor
   248 00000114 57                          push di
   249 00000115 51                          push cx
   250 00000116 B94000                      mov cx, BDA_SEG
   251 00000119 8ED9                        mov ds, cx
   252 0000011B C606500000                  mov byte [video_cur_pos], 0
   253 00000120 C606510000                  mov byte [video_cur_pos+1], 0
   254                                      ; Only store modes we actually support; map anything else to 0x03.
   255 00000125 3C13                        cmp al, 0x13
   256 00000127 7402                        je .set_mode_store
   257 00000129 B003                        mov al, 0x03
   258                                  .set_mode_store:
   259 0000012B A24900                      mov [video_mode], al
   260 0000012E 3C13                        cmp al, 0x13
   261 00000130 7417                        je .set_mode_13h
   262                                      ; --- Text mode: clear 80x25 text buffer at 0xB8000 ---
   263 00000132 B800B8                      mov ax, VGA_SEG
   264 00000135 8ED8                        mov ds, ax
   265 00000137 31FF                        xor di, di
   266 00000139 B9D007                      mov cx, 2000
   267 0000013C B82007                      mov ax, 0x0720
   268                                  .clr_loop:
   269 0000013F 8905                        mov [di], ax
   270 00000141 83C702                      add di, 2
   271 00000144 49                          dec cx
   272 00000145 75F8                        jnz .clr_loop
   273 00000147 EB14                        jmp short .set_mode_done
   274                                  .set_mode_13h:
   275                                      ; --- Mode 13h: clear 320x200 framebuffer at 0xA0000 ---
   276 00000149 B800A0                      mov ax, 0xA000
   277 0000014C 8ED8                        mov ds, ax
   278 0000014E 31FF                        xor di, di
   279 00000150 B9007D                      mov cx, 32000
   280 00000153 31C0                        xor ax, ax
   281                                  .clr13_loop:
   282 00000155 8905                        mov [di], ax
   283 00000157 83C702                      add di, 2
   284 0000015A 49                          dec cx
   285 0000015B 75F8                        jnz .clr13_loop
   286                                  .set_mode_done:
   287 0000015D 59                          pop cx
   288 0000015E 5F                          pop di
   289 0000015F B030                        mov al, 0x30
   290 00000161 5D                          pop bp
   291 00000162 07                          pop es
   292 00000163 1F                          pop ds
   293 00000164 CF                          iret
   294                                  
   295                                  .scroll_up:
   296 00000165 3C00                        cmp al, 0
   297 00000167 751D                        jne .su_lines
   298                                      ; AL=0: Clear window
   299 00000169 57                          push di
   300 0000016A 51                          push cx
   301 0000016B B900B8                      mov cx, VGA_SEG
   302 0000016E 8ED9                        mov ds, cx
   303 00000170 31FF                        xor di, di
   304 00000172 B9D007                      mov cx, 2000
   305 00000175 B82007                      mov ax, 0x0720
   306                                  .su_clr:
   307 00000178 8905                        mov [di], ax
   308 0000017A 83C702                      add di, 2
   309 0000017D 49                          dec cx
   310 0000017E 75F8                        jnz .su_clr
   311 00000180 59                          pop cx
   312 00000181 5F                          pop di
   313 00000182 5D                          pop bp
   314 00000183 07                          pop es
   315 00000184 1F                          pop ds
   316 00000185 CF                          iret
   317                                  .su_lines:
   318 00000186 51                          push cx
   319 00000187 88C1                        mov cl, al
   320 00000189 30ED                        xor ch, ch
   321                                  .su_loop:
   322 0000018B E8E600                      call scroll_up_one
   323 0000018E FEC9                        dec cl
   324 00000190 75F9                        jnz .su_loop
   325 00000192 59                          pop cx
   326 00000193 5D                          pop bp
   327 00000194 07                          pop es
   328 00000195 1F                          pop ds
   329 00000196 CF                          iret
   330                                  
   331                                  .scroll_down:
   332 00000197 3C00                        cmp al, 0
   333 00000199 7519                        jne .sd_ret
   334 0000019B 57                          push di
   335 0000019C 51                          push cx
   336 0000019D B900B8                      mov cx, VGA_SEG
   337 000001A0 8ED9                        mov ds, cx
   338 000001A2 31FF                        xor di, di
   339 000001A4 B9D007                      mov cx, 2000
   340 000001A7 B82007                      mov ax, 0x0720
   341                                  .sd_clr:
   342 000001AA 8905                        mov [di], ax
   343 000001AC 83C702                      add di, 2
   344 000001AF 49                          dec cx
   345 000001B0 75F8                        jnz .sd_clr
   346 000001B2 59                          pop cx
   347 000001B3 5F                          pop di
   348                                  .sd_ret:
   349 000001B4 5D                          pop bp
   350 000001B5 07                          pop es
   351 000001B6 1F                          pop ds
   352 000001B7 CF                          iret
   353                                  
   354                                  .read_char:
   355                                      ; AH=08h: Read char+attr at cursor
   356 000001B8 53                          push bx
   357 000001B9 57                          push di
   358 000001BA BB4000                      mov bx, BDA_SEG
   359 000001BD 8EDB                        mov ds, bx
   360 000001BF A05000                      mov al, [video_cur_pos]     ; col
   361 000001C2 8A265100                    mov ah, [video_cur_pos+1]   ; row
   362 000001C6 52                          push dx
   363 000001C7 30F6                        xor dh, dh
   364 000001C9 88E2                        mov dl, ah
   365 000001CB B450                        mov ah, 80
   366 000001CD 86C2                        xchg al, dl
   367 000001CF F6E4                        mul ah
   368 000001D1 30F6                        xor dh, dh
   369 000001D3 01D0                        add ax, dx
   370 000001D5 D1E0                        shl ax, 1
   371 000001D7 89C7                        mov di, ax
   372 000001D9 5A                          pop dx
   373 000001DA BB00B8                      mov bx, VGA_SEG
   374 000001DD 8EDB                        mov ds, bx
   375 000001DF 8A05                        mov al, [di]           ; character
   376 000001E1 8A6501                      mov ah, [di+1]         ; attribute
   377 000001E4 5F                          pop di
   378 000001E5 5B                          pop bx
   379 000001E6 5D                          pop bp
   380 000001E7 07                          pop es
   381 000001E8 1F                          pop ds
   382 000001E9 CF                          iret
   383                                  
   384                                  .write_char_attr:
   385                                      ; AH=09h: Write char+attr at cursor, CX times
   386                                      ; AL=char, BL=attr, CX=count
   387 000001EA 57                          push di
   388 000001EB 52                          push dx
   389 000001EC 51                          push cx
   390 000001ED 53                          push bx
   391 000001EE BB4000                      mov bx, BDA_SEG
   392 000001F1 8EDB                        mov ds, bx
   393 000001F3 8A165000                    mov dl, [video_cur_pos]
   394 000001F7 8A365100                    mov dh, [video_cur_pos+1]
   395 000001FB 50                          push ax
   396 000001FC 88F0                        mov al, dh
   397 000001FE B350                        mov bl, 80
   398 00000200 F6E3                        mul bl
   399 00000202 30FF                        xor bh, bh
   400 00000204 88D3                        mov bl, dl
   401 00000206 01D8                        add ax, bx
   402 00000208 D1E0                        shl ax, 1
   403 0000020A 89C7                        mov di, ax
   404 0000020C 58                          pop ax
   405 0000020D BB00B8                      mov bx, VGA_SEG
   406 00000210 8EDB                        mov ds, bx
   407 00000212 5B                          pop bx                 ; restore original BX (BL=attr)
   408 00000213 53                          push bx
   409                                  .wca_loop:
   410 00000214 8805                        mov [di], al
   411 00000216 885D01                      mov [di+1], bl
   412 00000219 83C702                      add di, 2
   413 0000021C 49                          dec cx
   414 0000021D 75F5                        jnz .wca_loop
   415 0000021F 5B                          pop bx
   416 00000220 59                          pop cx
   417 00000221 5A                          pop dx
   418 00000222 5F                          pop di
   419 00000223 5D                          pop bp
   420 00000224 07                          pop es
   421 00000225 1F                          pop ds
   422 00000226 CF                          iret
   423                                  
   424                                  .write_char_only:
   425                                      ; AH=0Ah: Write char at cursor, CX times (keep existing attr)
   426                                      ; AL=char, CX=count
   427 00000227 57                          push di
   428 00000228 52                          push dx
   429 00000229 51                          push cx
   430 0000022A 53                          push bx
   431 0000022B BB4000                      mov bx, BDA_SEG
   432 0000022E 8EDB                        mov ds, bx
   433 00000230 8A165000                    mov dl, [video_cur_pos]
   434 00000234 8A365100                    mov dh, [video_cur_pos+1]
   435 00000238 50                          push ax
   436 00000239 88F0                        mov al, dh
   437 0000023B B350                        mov bl, 80
   438 0000023D F6E3                        mul bl
   439 0000023F 30FF                        xor bh, bh
   440 00000241 88D3                        mov bl, dl
   441 00000243 01D8                        add ax, bx
   442 00000245 D1E0                        shl ax, 1
   443 00000247 89C7                        mov di, ax
   444 00000249 58                          pop ax
   445 0000024A BB00B8                      mov bx, VGA_SEG
   446 0000024D 8EDB                        mov ds, bx
   447                                  .wco_loop:
   448 0000024F 8805                        mov [di], al           ; write char only, keep attribute
   449 00000251 83C702                      add di, 2
   450 00000254 49                          dec cx
   451 00000255 75F8                        jnz .wco_loop
   452 00000257 5B                          pop bx
   453 00000258 59                          pop cx
   454 00000259 5A                          pop dx
   455 0000025A 5F                          pop di
   456 0000025B 5D                          pop bp
   457 0000025C 07                          pop es
   458 0000025D 1F                          pop ds
   459 0000025E CF                          iret
   460                                  
   461                                  .get_display_combo:
   462                                      ; AH=1Ah: Get/Set Display Combination Code
   463                                      ; Return VGA color (0x08) — programs use this to detect VGA.
   464 0000025F 80FB00                      cmp bl, 0
   465 00000262 750A                        jne .dcc_set
   466                                      ; BL=00h: Get DCC
   467 00000264 B308                        mov bl, 0x08            ; active display: VGA color
   468 00000266 B700                        mov bh, 0x00            ; inactive: none
   469 00000268 5D                          pop bp
   470 00000269 07                          pop es
   471 0000026A 1F                          pop ds
   472 0000026B B01A                        mov al, 0x1A            ; confirm function supported
   473 0000026D CF                          iret
   474                                  .dcc_set:
   475                                      ; BL!=0: Set DCC — ignore but confirm
   476 0000026E 5D                          pop bp
   477 0000026F 07                          pop es
   478 00000270 1F                          pop ds
   479 00000271 B01A                        mov al, 0x1A
   480 00000273 CF                          iret
   481                                  
   482                                  ; ============================================================
   483                                  ; scroll_up_one — scroll VGA text up by one line
   484                                  ; ============================================================
   485                                  scroll_up_one:
   486 00000274 1E                          push ds
   487 00000275 56                          push si
   488 00000276 57                          push di
   489 00000277 51                          push cx
   490 00000278 50                          push ax
   491 00000279 B800B8                      mov ax, VGA_SEG
   492 0000027C 8ED8                        mov ds, ax
   493 0000027E BEA000                      mov si, 160            ; source = row 1
   494 00000281 31FF                        xor di, di             ; dest = row 0
   495 00000283 B98007                      mov cx, 1920           ; 24 rows * 80 cols
   496                                  .scopy:
   497 00000286 8B04                        mov ax, [si]
   498 00000288 8905                        mov [di], ax
   499 0000028A 83C602                      add si, 2
   500 0000028D 83C702                      add di, 2
   501 00000290 49                          dec cx
   502 00000291 75F3                        jnz .scopy
   503 00000293 B95000                      mov cx, 80
   504 00000296 B82007                      mov ax, 0x0720
   505                                  .sclear:
   506 00000299 8905                        mov [di], ax
   507 0000029B 83C702                      add di, 2
   508 0000029E 49                          dec cx
   509 0000029F 75F8                        jnz .sclear
   510 000002A1 58                          pop ax
   511 000002A2 59                          pop cx
   512 000002A3 5F                          pop di
   513 000002A4 5E                          pop si
   514 000002A5 1F                          pop ds
   515 000002A6 C3                          ret
   516                                  
   517                                  ; ============================================================
   518                                  ; INT 11h — Equipment List (read from BDA, like reference BIOS)
   519                                  ; ============================================================
   520                                  int11h_handler:
   521 000002A7 FB                          sti
   522 000002A8 1E                          push ds
   523 000002A9 B84000                      mov ax, BDA_SEG
   524 000002AC 8ED8                        mov ds, ax
   525 000002AE A11000                      mov ax, [equipment_list]
   526 000002B1 1F                          pop ds
   527 000002B2 CF                          iret
   528                                  
   529                                  ; ============================================================
   530                                  ; INT 12h — Memory Size (read from BDA, like reference BIOS)
   531                                  ; ============================================================
   532                                  int12h_handler:
   533 000002B3 FB                          sti
   534 000002B4 1E                          push ds
   535 000002B5 B84000                      mov ax, BDA_SEG
   536 000002B8 8ED8                        mov ds, ax
   537 000002BA A11300                      mov ax, [memory_size]
   538 000002BD 1F                          pop ds
   539 000002BE CF                          iret
   540                                  
   541                                  ; ============================================================
   542                                  ; INT 13h — Disk Services (memory-resident disk image)
   543                                  ; ============================================================
   544                                  int13h_handler:
   545 000002BF 80FC00                      cmp ah, 0x00
   546 000002C2 7413                        je .disk_reset
   547 000002C4 80FC02                      cmp ah, 0x02
   548 000002C7 742E                        je .disk_read
   549 000002C9 80FC08                      cmp ah, 0x08
   550 000002CC 740D                        je .disk_params
   551 000002CE 80FC15                      cmp ah, 0x15
   552 000002D1 7420                        je .disk_type
   553                                      ; Unknown function — return error
   554 000002D3 B401                        mov ah, 0x01           ; invalid function
   555 000002D5 F9                          stc
   556 000002D6 CF                          iret
   557                                  
   558                                  .disk_reset:
   559 000002D7 30E4                        xor ah, ah
   560 000002D9 F8                          clc
   561 000002DA CF                          iret
   562                                  
   563                                  .disk_params:
   564                                      ; Return drive parameters for 1.44MB floppy
   565 000002DB B400                        mov ah, 0
   566 000002DD B304                        mov bl, 0x04           ; drive type: 1.44MB
   567 000002DF B54F                        mov ch, DISK_CYLS - 1  ; max cylinder (79)
   568 000002E1 B112                        mov cl, DISK_SPT       ; max sector (18)
   569 000002E3 B601                        mov dh, DISK_HEADS - 1 ; max head (1)
   570 000002E5 B201                        mov dl, 1              ; 1 floppy drive
   571                                      ; ES:DI = disk parameter table
   572 000002E7 53                          push bx
   573 000002E8 BB00F0                      mov bx, BIOS_SEG
   574 000002EB 8EC3                        mov es, bx
   575 000002ED BF[E006]                    mov di, disk_param_table
   576 000002F0 5B                          pop bx
   577 000002F1 F8                          clc
   578 000002F2 CF                          iret
   579                                  
   580                                  .disk_type:
   581                                      ; AH=15h: Get disk type — floppy without change detection
   582 000002F3 B401                        mov ah, 0x01
   583 000002F5 F8                          clc
   584 000002F6 CF                          iret
   585                                  
   586                                  .disk_read:
   587                                      ; AH=02h: Read sectors
   588                                      ; AL=count, CH=cylinder, CL=sector(1-based), DH=head, DL=drive, ES:BX=dest
   589 000002F7 55                          push bp
   590 000002F8 89E5                        mov bp, sp
   591 000002FA 1E                          push ds
   592 000002FB 56                          push si
   593 000002FC 57                          push di
   594 000002FD 50                          push ax
   595 000002FE 52                          push dx
   596 000002FF 51                          push cx
   597                                  
   598                                      ; Reload from stack since we need all values
   599 00000300 59                          pop cx
   600 00000301 5A                          pop dx
   601 00000302 52                          push dx
   602 00000303 51                          push cx
   603                                  
   604                                      ; Compute LBA = (CH * 2 + DH) * 18 + (CL - 1)
   605 00000304 88E8                        mov al, ch
   606 00000306 30E4                        xor ah, ah
   607 00000308 D1E0                        shl ax, 1              ; AX = cyl * 2
   608 0000030A 89C6                        mov si, ax
   609 0000030C 30E4                        xor ah, ah
   610 0000030E 88F0                        mov al, dh
   611 00000310 01F0                        add ax, si             ; AX = cyl*2 + head
   612 00000312 BE1200                      mov si, DISK_SPT
   613 00000315 52                          push dx
   614 00000316 F7E6                        mul si                 ; AX = (cyl*2+head) * 18
   615 00000318 5A                          pop dx
   616 00000319 89C6                        mov si, ax
   617 0000031B 30ED                        xor ch, ch
   618 0000031D FEC9                        dec cl                 ; sector is 1-based
   619 0000031F 01CE                        add si, cx             ; SI = LBA
   620                                  
   621                                      ; Source segment = DISK_SEG + LBA * 32
   622 00000321 89F0                        mov ax, si
   623 00000323 B105                        mov cl, 5
   624 00000325 D3E0                        shl ax, cl
   625 00000327 0500D0                      add ax, DISK_SEG
   626 0000032A 8ED8                        mov ds, ax
   627 0000032C 31F6                        xor si, si
   628                                  
   629                                      ; Destination = ES:BX
   630 0000032E 89DF                        mov di, bx
   631                                  
   632                                      ; Count
   633 00000330 59                          pop cx
   634 00000331 5A                          pop dx
   635 00000332 58                          pop ax
   636 00000333 30E4                        xor ah, ah
   637 00000335 89C1                        mov cx, ax
   638 00000337 51                          push cx
   639                                  
   640                                      ; Copy CX sectors * 512 bytes
   641                                  .read_sector_loop:
   642 00000338 51                          push cx
   643 00000339 B90001                      mov cx, 256
   644                                  .read_word_loop:
   645 0000033C 8B04                        mov ax, [si]
   646 0000033E 1E                          push ds
   647 0000033F 53                          push bx
   648 00000340 8CC3                        mov bx, es
   649 00000342 8EDB                        mov ds, bx
   650 00000344 8905                        mov [di], ax
   651 00000346 5B                          pop bx
   652 00000347 1F                          pop ds
   653 00000348 83C602                      add si, 2
   654 0000034B 83C702                      add di, 2
   655 0000034E 49                          dec cx
   656 0000034F 75EB                        jnz .read_word_loop
   657 00000351 59                          pop cx
   658 00000352 49                          dec cx
   659 00000353 75E3                        jnz .read_sector_loop
   660                                  
   661                                      ; Success
   662 00000355 58                          pop ax                 ; AL = sectors read
   663 00000356 30E4                        xor ah, ah
   664 00000358 F8                          clc
   665 00000359 5F                          pop di
   666 0000035A 5E                          pop si
   667 0000035B 1F                          pop ds
   668 0000035C 5D                          pop bp
   669 0000035D CF                          iret
   670                                  
   671                                  ; ============================================================
   672                                  ; INT 16h — Keyboard Services (matches reference BIOS contracts)
   673                                  ; ============================================================
   674                                  int16h_handler:
   675 0000035E FB                          sti
   676 0000035F 53                          push bx
   677 00000360 1E                          push ds
   678 00000361 BB4000                      mov bx, BDA_SEG
   679 00000364 8EDB                        mov ds, bx
   680 00000366 80FC00                      cmp ah, 0x00
   681 00000369 741C                        je .read_key
   682 0000036B 80FC01                      cmp ah, 0x01
   683 0000036E 7437                        je .check_key
   684 00000370 80FC02                      cmp ah, 0x02
   685 00000373 7454                        je .shift_flags
   686 00000375 80FC10                      cmp ah, 0x10
   687 00000378 740D                        je .read_key           ; enhanced = same for us
   688 0000037A 80FC11                      cmp ah, 0x11
   689 0000037D 7428                        je .check_key          ; enhanced = same for us
   690 0000037F 80FC12                      cmp ah, 0x12
   691 00000382 744B                        je .ext_shift_flags
   692                                      ; Unknown function
   693 00000384 1F                          pop ds
   694 00000385 5B                          pop bx
   695 00000386 CF                          iret
   696                                  
   697                                  .read_key:
   698                                      ; AH=00h/10h: Block until a key is in the BDA ring buffer, then pop it.
   699                                      ; DS is already BDA_SEG from handler entry.
   700                                  .key_wait:
   701 00000387 8B1E1A00                    mov bx, [kbd_buffer_head]
   702 0000038B 3B1E1C00                    cmp bx, [kbd_buffer_tail]
   703 0000038F 74F6                        je .key_wait                ; buffer empty — spin
   704 00000391 8B07                        mov ax, [bx]                ; read (scancode<<8 | ascii) word
   705 00000393 83C302                      add bx, 2
   706 00000396 3B1E8200                    cmp bx, [kbd_buffer_end]    ; wrap around ring buffer
   707 0000039A 7204                        jb .rk_nowrap
   708 0000039C 8B1E8000                    mov bx, [kbd_buffer_start]
   709                                  .rk_nowrap:
   710 000003A0 891E1A00                    mov [kbd_buffer_head], bx   ; advance head (consumes the entry)
   711 000003A4 1F                          pop ds
   712 000003A5 5B                          pop bx
   713 000003A6 CF                          iret                        ; AX = key word
   714                                  
   715                                  .check_key:
   716                                      ; AH=01h/11h: Non-destructive peek. Set ZF if buffer empty, clear if key.
   717                                      ; DS is already BDA_SEG from handler entry.
   718 000003A7 8B1E1A00                    mov bx, [kbd_buffer_head]
   719 000003AB 3B1E1C00                    cmp bx, [kbd_buffer_tail]
   720 000003AF 740D                        je .ck_empty
   721 000003B1 8B07                        mov ax, [bx]                ; peek at next key (don't consume)
   722 000003B3 1F                          pop ds
   723 000003B4 5B                          pop bx
   724 000003B5 55                          push bp
   725 000003B6 89E5                        mov bp, sp
   726 000003B8 836606BF                    and word [bp+6], 0xFFBF     ; clear ZF — key available
   727 000003BC 5D                          pop bp
   728 000003BD CF                          iret
   729                                  .ck_empty:
   730 000003BE 1F                          pop ds
   731 000003BF 5B                          pop bx
   732 000003C0 55                          push bp
   733 000003C1 89E5                        mov bp, sp
   734 000003C3 834E0640                    or word [bp+6], 0x0040      ; set ZF — no key
   735 000003C7 5D                          pop bp
   736 000003C8 CF                          iret
   737                                  
   738                                  .shift_flags:
   739                                      ; AH=02h: Return shift flags from BDA
   740 000003C9 A01700                      mov al, [kbd_flags_1]
   741 000003CC 1F                          pop ds
   742 000003CD 5B                          pop bx
   743 000003CE CF                          iret
   744                                  
   745                                  .ext_shift_flags:
   746                                      ; AH=12h: Return extended shift flags
   747 000003CF A01700                      mov al, [kbd_flags_1]
   748 000003D2 8A261800                    mov ah, [kbd_flags_2]
   749 000003D6 1F                          pop ds
   750 000003D7 5B                          pop bx
   751 000003D8 CF                          iret
   752                                  
   753                                  ; ============================================================
   754                                  ; INT 1Ah — Timer Services (matches reference BIOS contract)
   755                                  ; ============================================================
   756                                  int1ah_handler:
   757 000003D9 FB                          sti
   758 000003DA 53                          push bx
   759 000003DB 1E                          push ds
   760 000003DC BB4000                      mov bx, BDA_SEG
   761 000003DF 8EDB                        mov ds, bx
   762 000003E1 80FC00                      cmp ah, 0x00
   763 000003E4 7408                        je .timer_read
   764 000003E6 80FC01                      cmp ah, 0x01
   765 000003E9 741F                        je .timer_set
   766                                      ; Unknown function
   767 000003EB 1F                          pop ds
   768 000003EC 5B                          pop bx
   769 000003ED CF                          iret
   770                                  
   771                                  .timer_read:
   772                                      ; AH=00h: Read tick count
   773                                      ; Returns: CX=high, DX=low, AL=midnight flag
   774                                      ; Reference: reads ticks, clears midnight flag via XOR
   775 000003EE 8B166C00                    mov dx, [ticks_lo]
   776 000003F2 8B0E6E00                    mov cx, [ticks_hi]
   777 000003F6 A07000                      mov al, [new_day]
   778 000003F9 30067000                    xor byte [new_day], al  ; clear midnight flag (reference method)
   779                                      ; Auto-increment workaround since we have no timer IRQ
   780 000003FD 83066C0001                  add word [ticks_lo], 1
   781 00000402 83166E0000                  adc word [ticks_hi], 0
   782 00000407 1F                          pop ds
   783 00000408 5B                          pop bx
   784 00000409 CF                          iret
   785                                  
   786                                  .timer_set:
   787                                      ; AH=01h: Set tick count
   788 0000040A 89166C00                    mov [ticks_lo], dx
   789 0000040E 890E6E00                    mov [ticks_hi], cx
   790 00000412 C606700000                  mov byte [new_day], 0
   791 00000417 1F                          pop ds
   792 00000418 5B                          pop bx
   793 00000419 CF                          iret
   794                                  
   795                                  ; ============================================================
   796                                  ; INT 08h — Timer Tick (IRQ0)
   797                                  ; Increments BDA tick count, checks for midnight, calls INT 1Ch.
   798                                  ; We don't have a real PIT, so this won't fire automatically,
   799                                  ; but having the handler means any code that triggers INT 08h
   800                                  ; will work correctly.
   801                                  ; ============================================================
   802                                  int08h_handler:
   803 0000041A 50                          push ax
   804 0000041B 52                          push dx
   805 0000041C 1E                          push ds
   806 0000041D B84000                      mov ax, BDA_SEG
   807 00000420 8ED8                        mov ds, ax
   808                                      ; Increment tick counter
   809 00000422 FF066C00                    inc word [ticks_lo]
   810 00000426 7504                        jnz .no_overflow
   811 00000428 FF066E00                    inc word [ticks_hi]
   812                                  .no_overflow:
   813                                      ; Check for midnight rollover (1573042 = 0x18:0x00B2 ticks/day)
   814 0000042C 833E6E0018                  cmp word [ticks_hi], 0x18
   815 00000431 7519                        jnz .no_midnight
   816 00000433 813E6C00B200                cmp word [ticks_lo], 0x00B2
   817 00000439 7511                        jnz .no_midnight
   818 0000043B C7066E000000                mov word [ticks_hi], 0
   819 00000441 C7066C000000                mov word [ticks_lo], 0
   820 00000447 C606700001                  mov byte [new_day], 1
   821                                  .no_midnight:
   822 0000044C CD1C                        int 0x1C               ; User timer tick hook
   823 0000044E 1F                          pop ds
   824 0000044F 5A                          pop dx
   825 00000450 58                          pop ax
   826 00000451 CF                          iret
   827                                  
   828                                  ; ============================================================
   829                                  ; INT 15h — Miscellaneous System Services (matches reference)
   830                                  ; ============================================================
   831                                  int15h_handler:
   832 00000452 FB                          sti
   833 00000453 80FC4F                      cmp ah, 0x4F
   834 00000456 741F                        je .kbd_intercept
   835 00000458 80FCC0                      cmp ah, 0xC0
   836 0000045B 7429                        je .sys_config
   837 0000045D 80FC88                      cmp ah, 0x88
   838 00000460 7419                        je .ext_mem_size
   839                                      ; AH=90h/91h: OS hooks — return success
   840 00000462 80FC90                      cmp ah, 0x90
   841 00000465 7411                        je .os_hook
   842 00000467 80FC91                      cmp ah, 0x91
   843 0000046A 740C                        je .os_hook
   844                                      ; Unknown function — CF set, AH=86h (like reference)
   845 0000046C B486                        mov ah, 0x86
   846 0000046E 55                          push bp
   847 0000046F 89E5                        mov bp, sp
   848 00000471 804E0601                    or byte [bp+6], 0x01   ; set CF in stacked FLAGS
   849 00000475 5D                          pop bp
   850 00000476 CF                          iret
   851                                  
   852                                  .kbd_intercept:
   853                                      ; AH=4Fh: Keyboard intercept — just IRET (pass through)
   854 00000477 CF                          iret
   855                                  
   856                                  .os_hook:
   857                                      ; AH=90h/91h: Device busy/interrupt complete — AH=0, IRET
   858 00000478 B400                        mov ah, 0x00
   859 0000047A CF                          iret
   860                                  
   861                                  .ext_mem_size:
   862                                      ; AH=88h: Extended memory size (above 1MB) — none
   863 0000047B 31C0                        xor ax, ax
   864 0000047D 55                          push bp
   865 0000047E 89E5                        mov bp, sp
   866 00000480 806606FE                    and byte [bp+6], 0xFE  ; clear CF
   867 00000484 5D                          pop bp
   868 00000485 CF                          iret
   869                                  
   870                                  .sys_config:
   871                                      ; AH=C0h: Get system configuration table
   872 00000486 B400                        mov ah, 0x00
   873 00000488 BB00F0                      mov bx, BIOS_SEG
   874 0000048B 8EC3                        mov es, bx
   875 0000048D BB[D606]                    mov bx, config_table
   876 00000490 55                          push bp
   877 00000491 89E5                        mov bp, sp
   878 00000493 806606FE                    and byte [bp+6], 0xFE  ; clear CF
   879 00000497 5D                          pop bp
   880 00000498 CF                          iret
   881                                  
   882                                  ; ============================================================
   883                                  ; INT 19h — Bootstrap (halt in our system)
   884                                  ; ============================================================
   885                                  int19h_handler:
   886 00000499 1E                          push ds
   887 0000049A 31C0                        xor ax, ax
   888 0000049C 8ED8                        mov ds, ax
   889 0000049E C606040501                  mov byte [HALT_ADDR], 1
   890 000004A3 1F                          pop ds
   891 000004A4 EBF3                        jmp int19h_handler
   892                                  
   893                                  ; ============================================================
   894                                  ; INT 20h — Program Terminate (halt)
   895                                  ; ============================================================
   896                                  int20h_handler:
   897 000004A6 1E                          push ds
   898 000004A7 31C0                        xor ax, ax
   899 000004A9 8ED8                        mov ds, ax
   900 000004AB C606040501                  mov byte [HALT_ADDR], 1
   901 000004B0 1F                          pop ds
   902 000004B1 EBF3                        jmp int20h_handler
   903                                  
   904                                  ; ============================================================
   905                                  ; INT 01h — Single-step trap handler
   906                                  ; Clears TF from stacked FLAGS so execution resumes normally.
   907                                  ; ============================================================
   908                                  int01h_handler:
   909 000004B3 55                          push bp
   910 000004B4 89E5                        mov bp, sp
   911 000004B6 816606FFFE                  and word [bp+6], 0xFEFF    ; clear TF (bit 8) in stacked FLAGS
   912 000004BB 5D                          pop bp
   913 000004BC CF                          iret
   914                                  
   915                                  ; ============================================================
   916                                  ; int_dummy — Dummy interrupt handler (IRET only)
   917                                  ; Matches reference BIOS int_dummy at FF53h.
   918                                  ; ============================================================
   919                                  int_dummy:
   920 000004BD CF                          iret
   921                                  
   922                                  ; ============================================================
   923                                  ; default_handler — For unimplemented INTs
   924                                  ; Returns with CF set to signal "not supported".
   925                                  ; ============================================================
   926                                  default_handler:
   927 000004BE 55                          push bp
   928 000004BF 89E5                        mov bp, sp
   929 000004C1 834E0601                    or word [bp+6], 0x0001     ; set CF in stacked FLAGS
   930 000004C5 5D                          pop bp
   931 000004C6 CF                          iret
   932                                  
   933                                  ; ============================================================
   934                                  ; Interrupt vector table — offsets only (segment always F000h)
   935                                  ; Matches reference 8088_bios interrupt_table layout exactly.
   936                                  ; 32 entries: INT 00h through INT 1Fh.
   937                                  ; ============================================================
   938                                  interrupt_table:
   939 000004C7 [BD04]                      dw int_dummy            ; INT 00 - Divide by zero
   940 000004C9 [B304]                      dw int01h_handler       ; INT 01 - Single step (clears TF)
   941 000004CB [BD04]                      dw int_dummy            ; INT 02 - NMI (no-op for us)
   942 000004CD [BD04]                      dw int_dummy            ; INT 03 - Breakpoint
   943 000004CF [BD04]                      dw int_dummy            ; INT 04 - Overflow (INTO)
   944 000004D1 [BD04]                      dw int_dummy            ; INT 05 - Print Screen (stub)
   945 000004D3 [BD04]                      dw int_dummy            ; INT 06 - Invalid opcode
   946 000004D5 [BD04]                      dw int_dummy            ; INT 07 - Coprocessor N/A
   947 000004D7 [1A04]                      dw int08h_handler       ; INT 08 - IRQ0 Timer
   948 000004D9 [BD04]                      dw int_dummy            ; INT 09 - IRQ1 Keyboard (no hw kbd)
   949 000004DB [BD04]                      dw int_dummy            ; INT 0A - IRQ2
   950 000004DD [BD04]                      dw int_dummy            ; INT 0B - IRQ3
   951 000004DF [BD04]                      dw int_dummy            ; INT 0C - IRQ4
   952 000004E1 [BD04]                      dw int_dummy            ; INT 0D - IRQ5
   953 000004E3 [BD04]                      dw int_dummy            ; INT 0E - IRQ6 Floppy
   954 000004E5 [BD04]                      dw int_dummy            ; INT 0F - IRQ7
   955 000004E7 [0000]                      dw int10h_handler       ; INT 10 - Video Services
   956 000004E9 [A702]                      dw int11h_handler       ; INT 11 - Equipment List
   957 000004EB [B302]                      dw int12h_handler       ; INT 12 - Memory Size
   958 000004ED [BF02]                      dw int13h_handler       ; INT 13 - Disk Services
   959 000004EF [BE04]                      dw default_handler      ; INT 14 - Serial (stub)
   960 000004F1 [5204]                      dw int15h_handler       ; INT 15 - Misc System Services
   961 000004F3 [5E03]                      dw int16h_handler       ; INT 16 - Keyboard Services
   962 000004F5 [BE04]                      dw default_handler      ; INT 17 - Printer (stub)
   963 000004F7 [BD04]                      dw int_dummy            ; INT 18 - ROM BASIC (stub)
   964 000004F9 [9904]                      dw int19h_handler       ; INT 19 - Bootstrap
   965 000004FB [D903]                      dw int1ah_handler       ; INT 1A - Timer Services
   966 000004FD [BD04]                      dw int_dummy            ; INT 1B - Keyboard Break
   967 000004FF [BD04]                      dw int_dummy            ; INT 1C - User Timer Tick (IRET hook)
   968 00000501 [BD04]                      dw int_dummy            ; INT 1D - Video Parameters (stub)
   969 00000503 [E006]                      dw disk_param_table     ; INT 1E - Floppy Parameters (data ptr)
   970 00000505 [BD04]                      dw int_dummy            ; INT 1F - Font (stub)
   971                                  
   972                                  ; ============================================================
   973                                  ; BIOS Init — POST entry point
   974                                  ; Sets up IVT from interrupt_table, initializes BDA, boots DOS.
   975                                  ; ============================================================
   976                                  bios_init:
   977 00000507 FA                          cli
   978 00000508 FC                          cld
   979                                  
   980                                      ; Set up stack at 0030:0100 (reference uses upper IVT area)
   981                                      ; This is 0x0400 linear, well below kernel at 0x600.
   982 00000509 B83000                      mov ax, 0x0030
   983 0000050C 8ED0                        mov ss, ax
   984 0000050E BC0001                      mov sp, 0x0100
   985                                  
   986                                      ; --- Initialize interrupt table ---
   987                                      ; Copy 32 vectors from interrupt_table (like reference BIOS).
   988                                      ; Reference uses movsw+stosw with DS=CS, ES=0. We can't use
   989                                      ; string ops easily, so we use a manual loop.
   990                                      ; First, set DS=0 for IVT writes.
   991 00000511 31C0                        xor ax, ax
   992 00000513 8ED8                        mov ds, ax
   993                                  
   994                                      ; Fill ALL 256 IVT entries with int_dummy:F000 first
   995                                      ; (like reference fills remaining with int_dummy after the table)
   996 00000515 31FF                        xor di, di
   997 00000517 B90001                      mov cx, 256
   998 0000051A B800F0                      mov ax, BIOS_SEG
   999                                  .fill_all:
  1000 0000051D C705[BD04]                  mov word [di], int_dummy
  1001 00000521 894502                      mov word [di+2], ax        ; segment = F000h
  1002 00000524 83C704                      add di, 4
  1003 00000527 49                          dec cx
  1004 00000528 75F3                        jnz .fill_all
  1005                                  
  1006                                      ; Now overwrite INT 00-1F from the interrupt_table
  1007                                      ; We need to read from CS:interrupt_table. Set up BX as table pointer
  1008                                      ; and use DS=CS temporarily to read, then DS=0 to write.
  1009 0000052A BE[C704]                    mov si, interrupt_table
  1010 0000052D 31FF                        xor di, di             ; IVT offset 0
  1011 0000052F B92000                      mov cx, 32
  1012                                  .ivt_copy:
  1013                                      ; Read offset from CS:SI
  1014 00000532 1E                          push ds
  1015 00000533 0E                          push cs
  1016 00000534 1F                          pop ds
  1017 00000535 8B1C                        mov bx, [si]           ; BX = handler offset from table
  1018 00000537 1F                          pop ds                 ; DS = 0 again
  1019                                      ; Write to IVT
  1020 00000538 891D                        mov [di], bx           ; offset
  1021 0000053A C7450200F0                  mov word [di+2], BIOS_SEG  ; segment
  1022 0000053F 83C602                      add si, 2
  1023 00000542 83C704                      add di, 4
  1024 00000545 49                          dec cx
  1025 00000546 75EA                        jnz .ivt_copy
  1026                                  
  1027                                      ; Overwrite INT 20h with int20h_handler
  1028 00000548 C7068000[A604]              mov word [0x20*4], int20h_handler
  1029 0000054E C706820000F0                mov word [0x20*4+2], BIOS_SEG
  1030                                  
  1031                                      ; INT 21h: default_handler (kernel installs its own)
  1032 00000554 C7068400[BE04]              mov word [0x21*4], default_handler
  1033 0000055A C706860000F0                mov word [0x21*4+2], BIOS_SEG
  1034                                  
  1035                                      ; --- Initialize BDA ---
  1036                                      ; (Reference: kbd_buffer_init + individual field setup)
  1037 00000560 B84000                      mov ax, BDA_SEG
  1038 00000563 8ED8                        mov ds, ax
  1039                                  
  1040                                      ; Equipment list: floppy present + 80x25 color = 0x0021
  1041 00000565 C70610002100                mov word [equipment_list], 0x0021
  1042                                  
  1043                                      ; Memory size: 640 KiB
  1044 0000056B C70613008002                mov word [memory_size], 640
  1045                                  
  1046                                      ; Keyboard buffer initialization (matches kbd_buffer_init)
  1047 00000571 C7061A001E00                mov word [kbd_buffer_head], kbd_buffer   ; 0x001E
  1048 00000577 C7061C001E00                mov word [kbd_buffer_tail], kbd_buffer   ; 0x001E (empty)
  1049 0000057D C70680001E00                mov word [kbd_buffer_start], kbd_buffer  ; 0x001E
  1050 00000583 B81E00                      mov ax, kbd_buffer
  1051 00000586 83C020                      add ax, 0x20                             ; buffer size = 32 bytes
  1052 00000589 A38200                      mov word [kbd_buffer_end], ax            ; 0x003E
  1053                                  
  1054                                      ; Clear keyboard flags
  1055 0000058C C70617000000                mov word [kbd_flags_1], 0       ; flags 1 + flags 2
  1056 00000592 C606190000                  mov byte [kbd_alt_keypad], 0
  1057                                  
  1058                                      ; Video mode and parameters
  1059 00000597 C606490003                  mov byte [video_mode], 0x03             ; mode 3 = 80x25 text
  1060 0000059C C7064A005000                mov word [video_columns], 80            ; 80 columns
  1061 000005A2 C7064C000010                mov word [video_page_size], 0x1000      ; 4096 bytes per page
  1062 000005A8 C7064E000000                mov word [video_page_offt], 0x0000      ; page 0 offset
  1063 000005AE C70650000000                mov word [video_cur_pos], 0x0000        ; cursor at (0,0)
  1064 000005B4 C70652000000                mov word [video_cur_pos+2], 0x0000      ; page 1 cursor
  1065 000005BA C70654000000                mov word [video_cur_pos+4], 0x0000      ; page 2 cursor
  1066 000005C0 C70656000000                mov word [video_cur_pos+6], 0x0000      ; page 3 cursor
  1067 000005C6 C70660000706                mov word [video_cur_shape], 0x0607      ; cursor shape start=6 end=7
  1068 000005CC C606620000                  mov byte [video_page], 0x00             ; active page 0
  1069 000005D1 C7066300D403                mov word [video_port], 0x03D4           ; CRT controller port (color)
  1070 000005D7 C606840018                  mov byte [video_rows], 24               ; rows minus 1
  1071 000005DC C70685001000                mov word [video_char_height], 16        ; character height
  1072                                  
  1073                                      ; Timer ticks (start at zero)
  1074 000005E2 C7066C000000                mov word [ticks_lo], 0
  1075 000005E8 C7066E000000                mov word [ticks_hi], 0
  1076 000005EE C606700000                  mov byte [new_day], 0
  1077                                  
  1078                                      ; Floppy state
  1079 000005F3 C6063E0000                  mov byte [fdc_calib_state], 0
  1080 000005F8 C6063F0000                  mov byte [fdc_motor_state], 0
  1081 000005FD C606400000                  mov byte [fdc_motor_tout], 0
  1082 00000602 C606410000                  mov byte [fdc_last_error], 0
  1083                                  
  1084                                      ; Clear warm boot flag
  1085 00000607 C70672000000                mov word [warm_boot], 0
  1086                                  
  1087                                      ; --- BIOS splash screen ---
  1088                                      ; Write directly to VGA memory at B800:0000
  1089 0000060D B800B8                      mov ax, VGA_SEG
  1090 00000610 8ED8                        mov ds, ax
  1091                                  
  1092                                      ; Clear screen
  1093 00000612 31FF                        xor di, di
  1094 00000614 B9D007                      mov cx, 2000
  1095 00000617 B82007                      mov ax, 0x0720
  1096                                  .splash_clr:
  1097 0000061A 8905                        mov [di], ax
  1098 0000061C 83C702                      add di, 2
  1099 0000061F 49                          dec cx
  1100 00000620 75F8                        jnz .splash_clr
  1101                                  
  1102                                      ; Write "Gossamer BIOS v1.0" at row 1, col 30 (offset = (1*80+30)*2 = 220)
  1103 00000622 BFDC00                      mov di, 220
  1104 00000625 B40F                        mov ah, 0x0F           ; white on black
  1105 00000627 BE[9006]                    mov si, splash_title
  1106 0000062A E83000                      call .write_splash_str
  1107                                  
  1108                                      ; "640K conventional memory" at row 3, col 28 (offset = (3*80+28)*2 = 536)
  1109 0000062D BF1802                      mov di, 536
  1110 00000630 BE[A306]                    mov si, splash_mem
  1111 00000633 E82700                      call .write_splash_str
  1112                                  
  1113                                      ; Update cursor position in BDA to row 5 (below splash)
  1114 00000636 B84000                      mov ax, BDA_SEG
  1115 00000639 8ED8                        mov ds, ax
  1116 0000063B C606500000                  mov byte [video_cur_pos], 0     ; col
  1117 00000640 C606510005                  mov byte [video_cur_pos+1], 5   ; row
  1118                                  
  1119                                      ; --- Boot status messages via INT 10h ---
  1120 00000645 FB                          sti
  1121 00000646 BE[BC06]                    mov si, msg_ivt
  1122 00000649 E82B00                      call bios_print
  1123 0000064C BE[C506]                    mov si, msg_boot
  1124 0000064F E82500                      call bios_print
  1125                                  
  1126                                      ; --- Jump to DOS kernel ---
  1127                                      ; KERNEL.SYS is pre-loaded at 0060:0000 by the transpiler.
  1128                                      ; Kernel expects BL = boot drive (0x00 = A:)
  1129 00000652 31C0                        xor ax, ax
  1130 00000654 8ED8                        mov ds, ax
  1131 00000656 B300                        mov bl, 0x00
  1132 00000658 EA00006000                  jmp KERNEL_SEG:0x0000
  1133                                  
  1134                                  ; --- Write null-terminated string to VGA at DS:DI ---
  1135                                  ; AH = attribute byte (preserved). DS=VGA_SEG on entry.
  1136                                  ; SI points into BIOS ROM (CS segment). Swaps DS to read.
  1137                                  .write_splash_str:
  1138 0000065D 53                          push bx
  1139 0000065E 8CDB                        mov bx, ds             ; save VGA segment in BX
  1140                                  .wss_loop:
  1141                                      ; Read byte from CS:SI
  1142 00000660 0E                          push cs
  1143 00000661 1F                          pop ds
  1144 00000662 8A04                        mov al, [si]
  1145 00000664 8EDB                        mov ds, bx             ; restore DS = VGA segment
  1146 00000666 84C0                        test al, al
  1147 00000668 740B                        jz .wss_done
  1148 0000066A 8805                        mov [di], al
  1149 0000066C 886501                      mov [di+1], ah
  1150 0000066F 83C702                      add di, 2
  1151 00000672 46                          inc si
  1152 00000673 EBEB                        jmp short .wss_loop
  1153                                  .wss_done:
  1154 00000675 5B                          pop bx
  1155 00000676 C3                          ret
  1156                                  
  1157                                  ; --- BIOS print: print null-terminated string at CS:SI via INT 10h ---
  1158                                  bios_print:
  1159 00000677 50                          push ax
  1160 00000678 53                          push bx
  1161                                  .bp_loop:
  1162 00000679 1E                          push ds
  1163 0000067A 0E                          push cs
  1164 0000067B 1F                          pop ds
  1165 0000067C 8A04                        mov al, [si]
  1166 0000067E 1F                          pop ds
  1167 0000067F 84C0                        test al, al
  1168 00000681 740A                        jz .bp_done
  1169 00000683 B40E                        mov ah, 0x0E
  1170 00000685 BB0700                      mov bx, 0x0007
  1171 00000688 CD10                        int 0x10
  1172 0000068A 46                          inc si
  1173 0000068B EBEC                        jmp short .bp_loop
  1174                                  .bp_done:
  1175 0000068D 5B                          pop bx
  1176 0000068E 58                          pop ax
  1177 0000068F C3                          ret
  1178                                  
  1179                                  ; ============================================================
  1180                                  ; Data: strings
  1181                                  ; ============================================================
  1182 00000690 476F7373616D657220-     splash_title: db 'Gossamer BIOS v1.0', 0
  1182 00000699 42494F532076312E30-
  1182 000006A2 00                 
  1183 000006A3 3634304B20636F6E76-     splash_mem:   db '640K conventional memory', 0
  1183 000006AC 656E74696F6E616C20-
  1183 000006B5 6D656D6F727900     
  1184 000006BC 495654204F4B0D0A00      msg_ivt:      db 'IVT OK', 13, 10, 0
  1185 000006C5 426F6F74696E672044-     msg_boot:     db 'Booting DOS...', 13, 10, 0
  1185 000006CE 4F532E2E2E0D0A00   
  1186                                  
  1187                                  ; ============================================================
  1188                                  ; System configuration table (returned by INT 15h AH=C0h)
  1189                                  ; Matches reference 8088_bios config_table layout.
  1190                                  ; ============================================================
  1191                                  config_table:
  1192 000006D6 0800                        dw .size               ; bytes 0-1: table size
  1193                                  .bytes:
  1194 000006D8 FE                          db 0xFE                ; byte 2: model byte (XT)
  1195 000006D9 00                          db 0x00                ; byte 3: submodel
  1196 000006DA 00                          db 0x00                ; byte 4: BIOS revision
  1197 000006DB 00                          db 0x00                ; byte 5: feature byte 1 (no special hw)
  1198                                  ;       |||||||`-- dual bus
  1199                                  ;       ||||||`-- Micro Channel
  1200                                  ;       |||||`-- EBDA allocated
  1201                                  ;       ||||`-- wait for event supported
  1202                                  ;       |||`-- INT 15h/4Fh called on INT 09h
  1203                                  ;       ||`-- RTC installed
  1204                                  ;       |`-- 2nd PIC installed
  1205                                  ;       `-- DMA ch3 used by HDD
  1206 000006DC 00                          db 0x00                ; byte 6: feature byte 2
  1207 000006DD 00                          db 0x00                ; byte 7: feature byte 3
  1208 000006DE 00                          db 0x00                ; byte 8: feature byte 4
  1209 000006DF 00                          db 0x00                ; byte 9: feature byte 5
  1210                                  .size equ $ - .bytes
  1211                                  
  1212                                  ; ============================================================
  1213                                  ; Diskette parameter table (INT 1Eh data, INT 13h AH=08h pointer)
  1214                                  ; 11 bytes, matches reference 8088_bios int_1E at EFC7h.
  1215                                  ; Standard values for 1.44MB 3.5" floppy.
  1216                                  ; ============================================================
  1217                                  disk_param_table:
  1218 000006E0 AF                          db 0xAF                ; step rate / head unload time
  1219 000006E1 02                          db 0x02                ; head load time / DMA mode
  1220 000006E2 25                          db 0x25                ; motor off delay (ticks)
  1221 000006E3 02                          db 0x02                ; bytes per sector (2 = 512)
  1222 000006E4 12                          db DISK_SPT            ; sectors per track (18)
  1223 000006E5 1B                          db 0x1B                ; gap length
  1224 000006E6 FF                          db 0xFF                ; data length
  1225 000006E7 50                          db 0x50                ; format gap length
  1226 000006E8 F6                          db 0xF6                ; fill byte for format
  1227 000006E9 0F                          db 0x0F                ; head settle time (ms)
  1228 000006EA 08                          db 0x08                ; motor start time (1/8 sec units)
  1229                                  
  1230                                  bios_end:
